[2017-09-21 17:25:55] [info]  [ 6536] Commons Daemon procrun (1.0.15.0 64-bit) started
[2017-09-21 17:25:55] [info]  [ 6536] Running 'CpnyUpdaterExeService' Service...
[2017-09-21 17:25:55] [info]  [ 2972] Starting service...
[2017-09-21 17:25:57] [info]  [ 2972] Service started in 1204 ms.
[2017-09-21 19:13:03] [info]  [ 7044] Stopping service...
[2017-09-21 19:13:04] [error] [ 8460] Failed to set service status
[2017-09-21 19:13:04] [error] [ 8460] ハンドルが無効です。
[2017-09-21 19:13:18] [info]  [ 3208] Commons Daemon procrun (1.0.15.0 64-bit) started
[2017-09-21 19:13:18] [info]  [ 3208] Running 'CpnyUpdaterExeService' Service...
[2017-09-21 19:13:18] [info]  [ 7504] Starting service...
[2017-09-21 19:13:19] [info]  [ 7504] Service started in 1139 ms.
[2017-09-21 21:09:15] [info]  [ 6680] Stopping service...
[2017-09-21 21:09:15] [error] [ 5564] Failed to set service status
[2017-09-21 21:09:15] [error] [ 5564] ハンドルが無効です。
[2017-09-21 21:09:16] [info]  [ 8428] Commons Daemon procrun (1.0.15.0 64-bit) started
[2017-09-21 21:09:16] [info]  [ 8428] Running 'CpnyUpdaterExeService' Service...
[2017-09-21 21:09:16] [info]  [ 6224] Starting service...
[2017-09-21 21:09:17] [info]  [ 6224] Service started in 1203 ms.
[2017-09-22 22:06:34] [info]  [ 8476] Console SHUTDOWN event signaled
[2017-09-22 22:06:34] [info]  [ 8476] Stopping service...
[2017-09-22 22:06:35] [error] [ 2168] Failed to set service status
[2017-09-22 22:06:35] [error] [ 2168] ハンドルが無効です。
