[2017-09-26 20:09:51] [info]  [ 6180] Commons Daemon procrun (1.0.15.0 64-bit) started
[2017-09-26 20:09:51] [info]  [ 6180] Running 'CpnyUpdaterExeService' Service...
[2017-09-26 20:09:51] [info]  [ 3976] Starting service...
[2017-09-26 20:09:55] [info]  [ 3976] Service started in 4036 ms.
[2017-09-26 20:11:37] [info]  [ 5304] Stopping service...
[2017-09-26 20:11:38] [error] [ 7108] Failed to set service status
[2017-09-26 20:11:38] [error] [ 7108] ハンドルが無効です。
[2017-09-26 20:11:42] [info]  [ 7112] Commons Daemon procrun (1.0.15.0 64-bit) started
[2017-09-26 20:11:42] [info]  [ 7112] Running 'CpnyUpdaterExeService' Service...
[2017-09-26 20:11:43] [info]  [ 6136] Starting service...
[2017-09-26 20:11:45] [info]  [ 6136] Service started in 1554 ms.
[2017-09-26 20:17:42] [info]  [ 5744] Stopping service...
[2017-09-26 20:17:43] [error] [ 2988] Failed to set service status
[2017-09-26 20:17:43] [error] [ 2988] ハンドルが無効です。
[2017-09-26 20:17:43] [info]  [ 1412] Commons Daemon procrun (1.0.15.0 64-bit) started
[2017-09-26 20:17:43] [info]  [ 1412] Running 'CpnyUpdaterExeService' Service...
[2017-09-26 20:17:43] [info]  [ 6116] Starting service...
[2017-09-26 20:17:45] [info]  [ 6116] Service started in 1553 ms.
[2017-09-27 14:50:50] [info]  [ 9580] Stopping service...
[2017-09-27 14:50:51] [error] [ 1764] Failed to set service status
[2017-09-27 14:50:51] [error] [ 1764] ハンドルが無効です。
